#! /usr/bin/vvp
:ivl_version "11.0 (stable)";
:ivl_delay_selection "TYPICAL";
:vpi_time_precision - 9;
:vpi_module "/usr/lib/x86_64-linux-gnu/ivl/system.vpi";
:vpi_module "/usr/lib/x86_64-linux-gnu/ivl/vhdl_sys.vpi";
:vpi_module "/usr/lib/x86_64-linux-gnu/ivl/vhdl_textio.vpi";
:vpi_module "/usr/lib/x86_64-linux-gnu/ivl/v2005_math.vpi";
:vpi_module "/usr/lib/x86_64-linux-gnu/ivl/va_math.vpi";
S_0x5de942756510 .scope module, "uart_tx_tb" "uart_tx_tb" 2 2;
 .timescale -9 -9;
v0x5de942775c30_0 .net "busy", 0 0, v0x5de9427755e0_0;  1 drivers
v0x5de942775d20_0 .var "clk", 0 0;
v0x5de942775dc0_0 .var "data_in", 7 0;
v0x5de942775e90_0 .var "load", 0 0;
v0x5de942775f60_0 .var "reset", 0 0;
v0x5de9427760a0_0 .net "serial_tx", 0 0, v0x5de9427759f0_0;  1 drivers
E_0x5de94275e270 .event edge, v0x5de9427759f0_0;
S_0x5de9427566a0 .scope module, "one" "uart_tx" 2 33, 3 1 0, S_0x5de942756510;
 .timescale -9 -9;
    .port_info 0 /INPUT 1 "clk";
    .port_info 1 /INPUT 1 "reset";
    .port_info 2 /INPUT 8 "data_in";
    .port_info 3 /INPUT 1 "load";
    .port_info 4 /OUTPUT 1 "busy";
    .port_info 5 /OUTPUT 1 "serial_tx";
v0x5de942775450_0 .net "baud_tick", 0 0, v0x5de942744de0_0;  1 drivers
v0x5de942775520_0 .var "bit_counter", 4 0;
v0x5de9427755e0_0 .var "busy", 0 0;
v0x5de9427756b0_0 .net "clk", 0 0, v0x5de942775d20_0;  1 drivers
v0x5de942775780_0 .net "data_in", 7 0, v0x5de942775dc0_0;  1 drivers
v0x5de942775890_0 .net "load", 0 0, v0x5de942775e90_0;  1 drivers
v0x5de942775950_0 .net "reset", 0 0, v0x5de942775f60_0;  1 drivers
v0x5de9427759f0_0 .var "serial_tx", 0 0;
v0x5de942775a90_0 .var "shift_reg", 9 0;
S_0x5de942719cf0 .scope module, "one" "baud_rate" 3 39, 4 1 0, S_0x5de9427566a0;
 .timescale -9 -9;
    .port_info 0 /INPUT 1 "clk";
    .port_info 1 /INPUT 1 "reset";
    .port_info 2 /OUTPUT 1 "baud_tick";
P_0x5de942745580 .param/l "BAUD_DIVISOR" 1 4 10, +C4<00000000000000000000001101100100>;
P_0x5de9427455c0 .param/l "BAUD_RATE" 0 4 3, +C4<00000000000000011100001000000000>;
P_0x5de942745600 .param/l "CLK_FREQ" 0 4 2, +C4<00000101111101011110000100000000>;
P_0x5de942745640 .param/l "COUNTER_WIDTH" 1 4 11, +C4<00000000000000000000000000001010>;
v0x5de942744de0_0 .var "baud_tick", 0 0;
v0x5de942775160_0 .net "clk", 0 0, v0x5de942775d20_0;  alias, 1 drivers
v0x5de942775220_0 .var "counter", 9 0;
v0x5de942775310_0 .net "reset", 0 0, v0x5de942775f60_0;  alias, 1 drivers
E_0x5de94273d9b0 .event posedge, v0x5de942775310_0, v0x5de942775160_0;
    .scope S_0x5de942719cf0;
T_0 ;
    %pushi/vec4 0, 0, 10;
    %store/vec4 v0x5de942775220_0, 0, 10;
    %end;
    .thread T_0;
    .scope S_0x5de942719cf0;
T_1 ;
    %wait E_0x5de94273d9b0;
    %load/vec4 v0x5de942775310_0;
    %flag_set/vec4 8;
    %jmp/0xz  T_1.0, 8;
    %pushi/vec4 0, 0, 10;
    %assign/vec4 v0x5de942775220_0, 0;
    %pushi/vec4 0, 0, 1;
    %assign/vec4 v0x5de942744de0_0, 0;
    %jmp T_1.1;
T_1.0 ;
    %load/vec4 v0x5de942775220_0;
    %pad/u 32;
    %cmpi/e 867, 0, 32;
    %jmp/0xz  T_1.2, 4;
    %pushi/vec4 0, 0, 10;
    %assign/vec4 v0x5de942775220_0, 0;
    %pushi/vec4 1, 0, 1;
    %assign/vec4 v0x5de942744de0_0, 0;
    %jmp T_1.3;
T_1.2 ;
    %load/vec4 v0x5de942775220_0;
    %addi 1, 0, 10;
    %assign/vec4 v0x5de942775220_0, 0;
    %pushi/vec4 0, 0, 1;
    %assign/vec4 v0x5de942744de0_0, 0;
T_1.3 ;
T_1.1 ;
    %jmp T_1;
    .thread T_1;
    .scope S_0x5de9427566a0;
T_2 ;
    %pushi/vec4 0, 0, 1;
    %store/vec4 v0x5de9427755e0_0, 0, 1;
    %pushi/vec4 1, 0, 1;
    %store/vec4 v0x5de9427759f0_0, 0, 1;
    %pushi/vec4 0, 0, 5;
    %store/vec4 v0x5de942775520_0, 0, 5;
    %end;
    .thread T_2;
    .scope S_0x5de9427566a0;
T_3 ;
    %wait E_0x5de94273d9b0;
    %load/vec4 v0x5de942775950_0;
    %flag_set/vec4 8;
    %jmp/0xz  T_3.0, 8;
    %pushi/vec4 0, 0, 1;
    %assign/vec4 v0x5de9427755e0_0, 0;
    %pushi/vec4 0, 0, 10;
    %assign/vec4 v0x5de942775a90_0, 0;
    %pushi/vec4 1, 0, 1;
    %assign/vec4 v0x5de9427759f0_0, 0;
    %pushi/vec4 0, 0, 5;
    %assign/vec4 v0x5de942775520_0, 0;
    %jmp T_3.1;
T_3.0 ;
    %load/vec4 v0x5de942775890_0;
    %load/vec4 v0x5de9427755e0_0;
    %nor/r;
    %and;
    %flag_set/vec4 8;
    %jmp/0xz  T_3.2, 8;
    %pushi/vec4 1, 0, 1;
    %load/vec4 v0x5de942775780_0;
    %concat/vec4; draw_concat_vec4
    %concati/vec4 0, 0, 1;
    %assign/vec4 v0x5de942775a90_0, 0;
    %pushi/vec4 1, 0, 1;
    %assign/vec4 v0x5de9427755e0_0, 0;
    %pushi/vec4 1, 0, 5;
    %assign/vec4 v0x5de942775520_0, 0;
    %jmp T_3.3;
T_3.2 ;
    %load/vec4 v0x5de9427755e0_0;
    %load/vec4 v0x5de942775450_0;
    %and;
    %flag_set/vec4 8;
    %jmp/0xz  T_3.4, 8;
    %load/vec4 v0x5de942775a90_0;
    %parti/s 1, 0, 2;
    %assign/vec4 v0x5de9427759f0_0, 0;
    %pushi/vec4 1, 0, 1;
    %load/vec4 v0x5de942775a90_0;
    %parti/s 10, 1, 2;
    %concat/vec4; draw_concat_vec4
    %pad/u 10;
    %assign/vec4 v0x5de942775a90_0, 0;
    %load/vec4 v0x5de942775520_0;
    %addi 1, 0, 5;
    %assign/vec4 v0x5de942775520_0, 0;
    %load/vec4 v0x5de942775520_0;
    %pad/u 32;
    %cmpi/e 9, 0, 32;
    %jmp/0xz  T_3.6, 4;
    %pushi/vec4 1, 0, 1;
    %assign/vec4 v0x5de9427759f0_0, 0;
    %pushi/vec4 0, 0, 5;
    %assign/vec4 v0x5de942775520_0, 0;
    %pushi/vec4 0, 0, 1;
    %assign/vec4 v0x5de9427755e0_0, 0;
T_3.6 ;
T_3.4 ;
T_3.3 ;
T_3.1 ;
    %jmp T_3;
    .thread T_3;
    .scope S_0x5de942756510;
T_4 ;
    %pushi/vec4 0, 0, 1;
    %store/vec4 v0x5de942775d20_0, 0, 1;
    %pushi/vec4 0, 0, 1;
    %store/vec4 v0x5de942775f60_0, 0, 1;
    %pushi/vec4 0, 0, 1;
    %store/vec4 v0x5de942775e90_0, 0, 1;
    %end;
    .thread T_4;
    .scope S_0x5de942756510;
T_5 ;
    %delay 5, 0;
    %load/vec4 v0x5de942775d20_0;
    %inv;
    %store/vec4 v0x5de942775d20_0, 0, 1;
    %jmp T_5;
    .thread T_5;
    .scope S_0x5de942756510;
T_6 ;
    %vpi_call 2 13 "$dumpfile", "uart_tx_tb.vcd" {0 0 0};
    %vpi_call 2 14 "$dumpvars", 32'sb00000000000000000000000000000000, S_0x5de942756510 {0 0 0};
    %pushi/vec4 0, 0, 8;
    %store/vec4 v0x5de942775dc0_0, 0, 8;
    %pushi/vec4 1, 0, 1;
    %store/vec4 v0x5de942775f60_0, 0, 1;
    %pushi/vec4 0, 0, 1;
    %store/vec4 v0x5de942775e90_0, 0, 1;
    %delay 20, 0;
    %pushi/vec4 0, 0, 1;
    %store/vec4 v0x5de942775f60_0, 0, 1;
    %delay 10, 0;
    %pushi/vec4 170, 0, 8;
    %store/vec4 v0x5de942775dc0_0, 0, 8;
    %delay 10, 0;
    %pushi/vec4 1, 0, 1;
    %store/vec4 v0x5de942775e90_0, 0, 1;
    %delay 100, 0;
    %pushi/vec4 0, 0, 1;
    %store/vec4 v0x5de942775e90_0, 0, 1;
    %delay 106300, 0;
    %pushi/vec4 255, 0, 8;
    %store/vec4 v0x5de942775dc0_0, 0, 8;
    %delay 10, 0;
    %pushi/vec4 1, 0, 1;
    %store/vec4 v0x5de942775e90_0, 0, 1;
    %delay 100, 0;
    %pushi/vec4 0, 0, 1;
    %store/vec4 v0x5de942775e90_0, 0, 1;
    %delay 1000000, 0;
    %vpi_call 2 30 "$finish" {0 0 0};
    %end;
    .thread T_6;
    .scope S_0x5de942756510;
T_7 ;
    %wait E_0x5de94275e270;
    %vpi_call 2 36 "$display", "serial_tx = %b at time %t", v0x5de9427760a0_0, $time {0 0 0};
    %jmp T_7;
    .thread T_7, $push;
# The file index is used to find the file name in the following table.
:file_names 5;
    "N/A";
    "<interactive>";
    "uart_tx_tb.v";
    "uart_tx.v";
    "uart_baud_gen.v";
